This is pdfTeX, Version 3.1415926-2.4-1.40.13 (TeX Live 2012) (format=pdflatex 2012.12.7)  15 JAN 2013 16:03
entering extended mode
 restricted \write18 enabled.
 %&-line parsing enabled.
**XMeRTL_Manual.tex
(./XMeRTL_Manual.tex
LaTeX2e <2011/06/27>
Babel <v3.8m> and hyphenation patterns for english, dumylang, nohyphenation, ge
rman-x-2012-05-30, ngerman-x-2012-05-30, afrikaans, ancientgreek, ibycus, arabi
c, armenian, basque, bulgarian, catalan, pinyin, coptic, croatian, czech, danis
h, dutch, ukenglish, usenglishmax, esperanto, estonian, ethiopic, farsi, finnis
h, french, friulan, galician, german, ngerman, swissgerman, monogreek, greek, h
ungarian, icelandic, assamese, bengali, gujarati, hindi, kannada, malayalam, ma
rathi, oriya, panjabi, tamil, telugu, indonesian, interlingua, irish, italian, 
kurmanji, latin, latvian, lithuanian, mongolian, mongolianlmc, bokmal, nynorsk,
 polish, portuguese, romanian, romansh, russian, sanskrit, serbian, serbianc, s
lovak, slovenian, spanish, swedish, turkish, turkmen, ukrainian, uppersorbian, 
welsh, loaded.
(./latex/ot-doc.cls
(/usr/local/texlive/2012/texmf-dist/tex/latex/koma-script/scrartcl.cls
Document Class: scrartcl 2012/07/29 v3.11b KOMA-Script document class (article)

(/usr/local/texlive/2012/texmf-dist/tex/latex/koma-script/scrkbase.sty
Package: scrkbase 2012/07/29 v3.11b KOMA-Script package (KOMA-Script-dependent 
basics and keyval usage)

(/usr/local/texlive/2012/texmf-dist/tex/latex/koma-script/scrbase.sty
Package: scrbase 2012/07/29 v3.11b KOMA-Script package (KOMA-Script-independent
 basics and keyval usage)

(/usr/local/texlive/2012/texmf-dist/tex/latex/graphics/keyval.sty
Package: keyval 1999/03/16 v1.13 key=value parser (DPC)
\KV@toks@=\toks14
)
(/usr/local/texlive/2012/texmf-dist/tex/latex/koma-script/scrlfile.sty
Package: scrlfile 2012/06/15 v3.12 KOMA-Script package (loading files)

Package scrlfile, 2012/06/15 v3.12 KOMA-Script package (loading files)
                  Copyright (C) Markus Kohm

))) (/usr/local/texlive/2012/texmf-dist/tex/latex/koma-script/tocbasic.sty
Package: tocbasic 2012/04/04 v3.10b KOMA-Script package (handling toc-files)
)
Package tocbasic Info: omitting babel extension for `toc'
(tocbasic)             because of feature `nobabel' available
(tocbasic)             for `toc' on input line 115.
Package tocbasic Info: omitting babel extension for `lof'
(tocbasic)             because of feature `nobabel' available
(tocbasic)             for `lof' on input line 116.
Package tocbasic Info: omitting babel extension for `lot'
(tocbasic)             because of feature `nobabel' available
(tocbasic)             for `lot' on input line 117.
Package scrartcl Info: You've used obsolete option `11pt'.
(scrartcl)             \KOMAExecuteOptions{fontsize=11pt} will be
(scrartcl)             used instead.
(scrartcl)             You may simply replace `11pt'
(scrartcl)             by `fontsize=11pt'.


Class scrartcl Warning: You've used obsolete option `pointednumbers'.
(scrartcl)              Usage of this option indicates an old document and
(scrartcl)              changes compatibility level using
(scrartcl)              `numbers=enddot,version=first'.
(scrartcl)              If you don't want this, you should simply replace
(scrartcl)              usage of option `pointednumbers' by `numbers=enddot'.

Class scrartcl Info: Switching compatibility level to `first'.
Class scrartcl Info: File `scrsize11pt.clo' used to setup font sizes on input l
ine 1267.
(/usr/local/texlive/2012/texmf-dist/tex/latex/koma-script/scrsize11pt.clo
File: scrsize11pt.clo 2012/07/29 v3.11b KOMA-Script font size class option (11p
t)
)
(/usr/local/texlive/2012/texmf-dist/tex/latex/koma-script/typearea.sty
Package: typearea 2012/07/29 v3.11b KOMA-Script package (type area)

Package typearea, 2012/07/29 v3.11b KOMA-Script package (type area)
                  Copyright (C) Frank Neukam, 1992-1994
                  Copyright (C) Markus Kohm, 1994-

\ta@bcor=\skip41
\ta@div=\count79
\ta@hblk=\skip42
\ta@vblk=\skip43
\ta@temp=\skip44
Package typearea Info: These are the values describing the layout:
(typearea)             DIV  = 10
(typearea)             BCOR = 0.0pt
(typearea)             \paperwidth      = 597.50793pt
(typearea)              \textwidth      = 418.25555pt
(typearea)              DIV departure   = -6%
(typearea)              \evensidemargin = 17.3562pt
(typearea)              \oddsidemargin  = 17.3562pt
(typearea)             \paperheight     = 845.04694pt
(typearea)              \textheight     = 555.00024pt
(typearea)              \topmargin      = 12.2347pt
(typearea)              \headheight     = 17.0pt
(typearea)              \headsep        = 20.40001pt
(typearea)              \topskip        = 11.0pt
(typearea)              \footskip       = 47.60002pt
(typearea)              \baselineskip   = 13.6pt
(typearea)              on input line 1213.
)
\c@part=\count80
\c@section=\count81
\c@subsection=\count82
\c@subsubsection=\count83
\c@paragraph=\count84
\c@subparagraph=\count85
\abovecaptionskip=\skip45
\belowcaptionskip=\skip46
\c@pti@nb@sid@b@x=\box26
\c@figure=\count86
\c@table=\count87
\bibindent=\dimen102
) (/usr/local/texlive/2012/texmf-dist/tex/latex/hyperref/hyperref.sty
Package: hyperref 2012/11/06 v6.83m Hypertext links for LaTeX

(/usr/local/texlive/2012/texmf-dist/tex/generic/oberdiek/hobsub-hyperref.sty
Package: hobsub-hyperref 2012/05/28 v1.13 Bundle oberdiek, subset hyperref (HO)


(/usr/local/texlive/2012/texmf-dist/tex/generic/oberdiek/hobsub-generic.sty
Package: hobsub-generic 2012/05/28 v1.13 Bundle oberdiek, subset generic (HO)
Package: hobsub 2012/05/28 v1.13 Construct package bundles (HO)
Package: infwarerr 2010/04/08 v1.3 Providing info/warning/error messages (HO)
Package: ltxcmds 2011/11/09 v1.22 LaTeX kernel commands for general use (HO)
Package: ifluatex 2010/03/01 v1.3 Provides the ifluatex switch (HO)
Package ifluatex Info: LuaTeX not detected.
Package: ifvtex 2010/03/01 v1.5 Detect VTeX and its facilities (HO)
Package ifvtex Info: VTeX not detected.
Package: intcalc 2007/09/27 v1.1 Expandable calculations with integers (HO)
Package: ifpdf 2011/01/30 v2.3 Provides the ifpdf switch (HO)
Package ifpdf Info: pdfTeX in PDF mode is detected.
Package: etexcmds 2011/02/16 v1.5 Avoid name clashes with e-TeX commands (HO)
Package etexcmds Info: Could not find \expanded.
(etexcmds)             That can mean that you are not using pdfTeX 1.50 or
(etexcmds)             that some package has redefined \expanded.
(etexcmds)             In the latter case, load this package earlier.
Package: kvsetkeys 2012/04/25 v1.16 Key value parser (HO)
Package: kvdefinekeys 2011/04/07 v1.3 Define keys (HO)
Package: pdftexcmds 2011/11/29 v0.20 Utility functions of pdfTeX for LuaTeX (HO
)
Package pdftexcmds Info: LuaTeX not detected.
Package pdftexcmds Info: \pdf@primitive is available.
Package pdftexcmds Info: \pdf@ifprimitive is available.
Package pdftexcmds Info: \pdfdraftmode found.
Package: pdfescape 2011/11/25 v1.13 Implements pdfTeX's escape features (HO)
Package: bigintcalc 2012/04/08 v1.3 Expandable calculations on big integers (HO
)
Package: bitset 2011/01/30 v1.1 Handle bit-vector datatype (HO)
Package: uniquecounter 2011/01/30 v1.2 Provide unlimited unique counter (HO)
)
Package hobsub Info: Skipping package `hobsub' (already loaded).
Package: letltxmacro 2010/09/02 v1.4 Let assignment for LaTeX macros (HO)
Package: hopatch 2012/05/28 v1.2 Wrapper for package hooks (HO)
Package: xcolor-patch 2011/01/30 xcolor patch
Package: atveryend 2011/06/30 v1.8 Hooks at the very end of document (HO)
Package atveryend Info: \enddocument detected (standard20110627).
Package: atbegshi 2011/10/05 v1.16 At begin shipout hook (HO)
Package: refcount 2011/10/16 v3.4 Data extraction from label references (HO)
Package: hycolor 2011/01/30 v1.7 Color options for hyperref/bookmark (HO)
)
(/usr/local/texlive/2012/texmf-dist/tex/generic/ifxetex/ifxetex.sty
Package: ifxetex 2010/09/12 v0.6 Provides ifxetex conditional
)
(/usr/local/texlive/2012/texmf-dist/tex/latex/oberdiek/auxhook.sty
Package: auxhook 2011/03/04 v1.3 Hooks for auxiliary files (HO)
)
(/usr/local/texlive/2012/texmf-dist/tex/latex/oberdiek/kvoptions.sty
Package: kvoptions 2011/06/30 v3.11 Key value format for package options (HO)
)
\@linkdim=\dimen103
\Hy@linkcounter=\count88
\Hy@pagecounter=\count89

(/usr/local/texlive/2012/texmf-dist/tex/latex/hyperref/pd1enc.def
File: pd1enc.def 2012/11/06 v6.83m Hyperref: PDFDocEncoding definition (HO)
)
\Hy@SavedSpaceFactor=\count90

(/usr/local/texlive/2012/texmf-dist/tex/latex/latexconfig/hyperref.cfg
File: hyperref.cfg 2002/06/06 v1.2 hyperref configuration of TeXLive
)
Package hyperref Info: Hyper figures OFF on input line 4443.
Package hyperref Info: Link nesting OFF on input line 4448.
Package hyperref Info: Hyper index ON on input line 4451.
Package hyperref Info: Plain pages OFF on input line 4458.
Package hyperref Info: Backreferencing OFF on input line 4463.
Package hyperref Info: Implicit mode ON; LaTeX internals redefined.
Package hyperref Info: Bookmarks ON on input line 4688.
\c@Hy@tempcnt=\count91

(/usr/local/texlive/2012/texmf-dist/tex/latex/url/url.sty
\Urlmuskip=\muskip10
Package: url 2006/04/12  ver 3.3  Verb mode for urls, etc.
)
LaTeX Info: Redefining \url on input line 5041.
\XeTeXLinkMargin=\dimen104
\Fld@menulength=\count92
\Field@Width=\dimen105
\Fld@charsize=\dimen106
Package hyperref Info: Hyper figures OFF on input line 6295.
Package hyperref Info: Link nesting OFF on input line 6300.
Package hyperref Info: Hyper index ON on input line 6303.
Package hyperref Info: backreferencing OFF on input line 6310.
Package hyperref Info: Link coloring OFF on input line 6315.
Package hyperref Info: Link coloring with OCG OFF on input line 6320.
Package hyperref Info: PDF/A mode OFF on input line 6325.
LaTeX Info: Redefining \ref on input line 6365.
LaTeX Info: Redefining \pageref on input line 6369.
\Hy@abspage=\count93
\c@Item=\count94
\c@Hfootnote=\count95
)

Package hyperref Message: Driver: hpdftex.

(/usr/local/texlive/2012/texmf-dist/tex/latex/hyperref/hpdftex.def
File: hpdftex.def 2012/11/06 v6.83m Hyperref driver for pdfTeX
\Fld@listcount=\count96
\c@bookmark@seq@number=\count97

(/usr/local/texlive/2012/texmf-dist/tex/latex/oberdiek/rerunfilecheck.sty
Package: rerunfilecheck 2011/04/15 v1.7 Rerun checks for auxiliary files (HO)
Package uniquecounter Info: New unique counter `rerunfilecheck' on input line 2
82.
)
\Hy@SectionHShift=\skip47
)
(/usr/local/texlive/2012/texmf-dist/tex/latex/tools/varioref.sty
Package: varioref 2011/10/02 v1.4z package for extended references (FMi)
\c@vrcnt=\count98
)
(/usr/local/texlive/2012/texmf-dist/tex/latex/tools/xspace.sty
Package: xspace 2009/10/20 v1.13 Space after command names (DPC,MH)
)
(/usr/local/texlive/2012/texmf-dist/tex/latex/tools/calc.sty
Package: calc 2007/08/22 v4.3 Infix arithmetic (KKT,FJ)
\calc@Acount=\count99
\calc@Bcount=\count100
\calc@Adimen=\dimen107
\calc@Bdimen=\dimen108
\calc@Askip=\skip48
\calc@Bskip=\skip49
LaTeX Info: Redefining \setlength on input line 76.
LaTeX Info: Redefining \addtolength on input line 77.
\calc@Ccount=\count101
\calc@Cskip=\skip50
)
(/usr/local/texlive/2012/texmf-dist/tex/latex/graphics/graphicx.sty
Package: graphicx 1999/02/16 v1.0f Enhanced LaTeX Graphics (DPC,SPQR)

(/usr/local/texlive/2012/texmf-dist/tex/latex/graphics/graphics.sty
Package: graphics 2009/02/05 v1.0o Standard LaTeX Graphics (DPC,SPQR)

(/usr/local/texlive/2012/texmf-dist/tex/latex/graphics/trig.sty
Package: trig 1999/03/16 v1.09 sin cos tan (DPC)
)
(/usr/local/texlive/2012/texmf-dist/tex/latex/latexconfig/graphics.cfg
File: graphics.cfg 2010/04/23 v1.9 graphics configuration of TeX Live
)
Package graphics Info: Driver file: pdftex.def on input line 91.

(/usr/local/texlive/2012/texmf-dist/tex/latex/pdftex-def/pdftex.def
File: pdftex.def 2011/05/27 v0.06d Graphics/color for pdfTeX
\Gread@gobject=\count102
))
\Gin@req@height=\dimen109
\Gin@req@width=\dimen110
)
(/usr/local/texlive/2012/texmf-dist/tex/latex/graphics/color.sty
Package: color 2005/11/14 v1.0j Standard LaTeX Color (DPC)

(/usr/local/texlive/2012/texmf-dist/tex/latex/latexconfig/color.cfg
File: color.cfg 2007/01/18 v1.5 color configuration of teTeX/TeXLive
)
Package color Info: Driver file: pdftex.def on input line 130.
)
(/usr/local/texlive/2012/texmf-dist/tex/latex/base/inputenc.sty
Package: inputenc 2008/03/30 v1.1d Input encoding file
\inpenc@prehook=\toks15
\inpenc@posthook=\toks16

(/usr/local/texlive/2012/texmf-dist/tex/latex/base/latin1.def
File: latin1.def 2008/03/30 v1.1d Input encoding file
))
(/usr/local/texlive/2012/texmf-dist/tex/latex/tools/afterpage.sty
Package: afterpage 1995/10/27 v1.08 After-Page Package (DPC)
\AP@output=\toks17
\AP@partial=\box27
\AP@footins=\box28
)
(/usr/local/texlive/2012/texmf-dist/tex/latex/listings/listings.sty
\lst@mode=\count103
\lst@gtempboxa=\box29
\lst@token=\toks18
\lst@length=\count104
\lst@currlwidth=\dimen111
\lst@column=\count105
\lst@pos=\count106
\lst@lostspace=\dimen112
\lst@width=\dimen113
\lst@newlines=\count107
\lst@lineno=\count108
\lst@maxwidth=\dimen114

(/usr/local/texlive/2012/texmf-dist/tex/latex/listings/lstmisc.sty
File: lstmisc.sty 2007/02/22 1.4 (Carsten Heinz)
\c@lstnumber=\count109
\lst@skipnumbers=\count110
\lst@framebox=\box30
)
(/usr/local/texlive/2012/texmf-dist/tex/latex/listings/listings.cfg
File: listings.cfg 2007/02/22 1.4 listings configuration
))
Package: listings 2007/02/22 1.4 (Carsten Heinz)
)
Package hyperref Info: Option `colorlinks' set `true' on input line 34.


Package hyperref Warning: Option `bookmarks' has already been used,
(hyperref)                setting the option has no effect on input line 34.

(./XMeRTL_Manual.aux (./content.aux) (./acronyms.aux) (./bibliography.aux))
\openout1 = `XMeRTL_Manual.aux'.

LaTeX Font Info:    Checking defaults for OML/cmm/m/it on input line 48.
LaTeX Font Info:    ... okay on input line 48.
LaTeX Font Info:    Checking defaults for T1/cmr/m/n on input line 48.
LaTeX Font Info:    ... okay on input line 48.
LaTeX Font Info:    Checking defaults for OT1/cmr/m/n on input line 48.
LaTeX Font Info:    ... okay on input line 48.
LaTeX Font Info:    Checking defaults for OMS/cmsy/m/n on input line 48.
LaTeX Font Info:    ... okay on input line 48.
LaTeX Font Info:    Checking defaults for OMX/cmex/m/n on input line 48.
LaTeX Font Info:    ... okay on input line 48.
LaTeX Font Info:    Checking defaults for U/cmr/m/n on input line 48.
LaTeX Font Info:    ... okay on input line 48.
LaTeX Font Info:    Checking defaults for PD1/pdf/m/n on input line 48.
LaTeX Font Info:    ... okay on input line 48.
\AtBeginShipoutBox=\box31
Package hyperref Info: Link coloring ON on input line 48.

(/usr/local/texlive/2012/texmf-dist/tex/latex/hyperref/nameref.sty
Package: nameref 2012/10/27 v2.43 Cross-referencing by name of section

(/usr/local/texlive/2012/texmf-dist/tex/generic/oberdiek/gettitlestring.sty
Package: gettitlestring 2010/12/03 v1.4 Cleanup title references (HO)
)
\c@section@level=\count111
LaTeX Info: Redefining \Ref on input line 513.
)
LaTeX Info: Redefining \ref on input line 48.
LaTeX Info: Redefining \pageref on input line 48.
LaTeX Info: Redefining \nameref on input line 48.

(./XMeRTL_Manual.out) (./XMeRTL_Manual.out)
\@outlinefile=\write3
\openout3 = `XMeRTL_Manual.out'.

LaTeX Info: Redefining \Ref on input line 48.

(/usr/local/texlive/2012/texmf-dist/tex/context/base/supp-pdf.mkii
[Loading MPS to PDF converter (version 2006.09.02).]
\scratchcounter=\count112
\scratchdimen=\dimen115
\scratchbox=\box32
\nofMPsegments=\count113
\nofMParguments=\count114
\everyMPshowfont=\toks19
\MPscratchCnt=\count115
\MPscratchDim=\dimen116
\MPnumerator=\count116
\makeMPintoPDFobject=\count117
\everyMPtoPDFconversion=\toks20
) (/usr/local/texlive/2012/texmf-dist/tex/latex/oberdiek/epstopdf-base.sty
Package: epstopdf-base 2010/02/09 v2.5 Base part for package epstopdf

(/usr/local/texlive/2012/texmf-dist/tex/latex/oberdiek/grfext.sty
Package: grfext 2010/08/19 v1.1 Manage graphics extensions (HO)
)
Package grfext Info: Graphics extension search list:
(grfext)             [.png,.pdf,.jpg,.mps,.jpeg,.jbig2,.jb2,.PNG,.PDF,.JPG,.JPE
G,.JBIG2,.JB2,.eps]
(grfext)             \AppendGraphicsExtensions on input line 452.

(/usr/local/texlive/2012/texmf-dist/tex/latex/latexconfig/epstopdf-sys.cfg
File: epstopdf-sys.cfg 2010/07/13 v1.3 Configuration of (r)epstopdf for TeX Liv
e
))
\c@lstlisting=\count118
LaTeX Font Info:    External font `cmex10' loaded for size
(Font)              <14.4> on input line 48.
LaTeX Font Info:    External font `cmex10' loaded for size
(Font)              <7> on input line 48.

[1


{/usr/local/texlive/2012/texmf-var/fonts/map/pdftex/updmap/pdftex.map}]

! LaTeX Error: File `acknowledgements.tex' not found.

Type X to quit or <RETURN> to proceed,
or enter new name. (Default extension: tex)

Enter file name: 
(./XMeRTL_Manual.toc
LaTeX Font Info:    External font `cmex10' loaded for size
(Font)              <10.95> on input line 3.
LaTeX Font Info:    External font `cmex10' loaded for size
(Font)              <8> on input line 3.
LaTeX Font Info:    External font `cmex10' loaded for size
(Font)              <6> on input line 3.
)
\tf@toc=\write4
\openout4 = `XMeRTL_Manual.toc'.

 [2] [3]
\openout2 = `content.aux'.

 (./content.tex (./intro.tex [1

] [2]) [3]
(./install.tex
LaTeX Font Info:    External font `cmex10' loaded for size
(Font)              <9> on input line 12.
LaTeX Font Info:    External font `cmex10' loaded for size
(Font)              <5> on input line 12.

Underfull \hbox (badness 10000) in paragraph at lines 10--15

 []

[4]
Overfull \hbox (12.89603pt too wide) in paragraph at lines 84--84
[]\OT1/cmtt/m/n/10.95 # wget -v http://www.kernel.org/pub/linux/kernel/v2.6/lin
ux-2.6.17.4.tar.gz[] 
 []


Overfull \hbox (81.88028pt too wide) in paragraph at lines 84--84
[]\OT1/cmtt/m/n/10.95 # patch --dry-run -p1 < ../rtlinux-4.0-rc1/xtratum/patche
s/xtratum_linux_2.6.17.4.patch[] 
 []


Overfull \hbox (24.3934pt too wide) in paragraph at lines 84--84
[]\OT1/cmtt/m/n/10.95 # patch -p1 < ../rtlinux-4.0-rc1/xtratum/patches/xtratum_
linux_2.6.17.4.patch[] 
 []

[5]
Overfull \hbox (24.3934pt too wide) in paragraph at lines 103--103
[]   \OT1/cmtt/m/n/10.95 -> Processor type and features -> Symmetric multi-proc
essing support [OFF][] 
 []


Overfull \hbox (70.3829pt too wide) in paragraph at lines 103--103
[]   \OT1/cmtt/m/n/10.95 -> Processor type and features -> Preemption Model (No
 Forced Preemption (Server))[] 
 []


Overfull \hbox (30.14209pt too wide) in paragraph at lines 103--103
[]   \OT1/cmtt/m/n/10.95 -> Processor type and features -> Local APIC support o
n uniprocessors [OFF][] 
 []

[6]
Underfull \hbox (badness 10000) in paragraph at lines 138--139

 []


Overfull \hbox (30.14209pt too wide) in paragraph at lines 147--147
[]\OT1/cmtt/m/n/10.95 Modules.symvers  patches  README  user\_tools  xm.ko  xm.
mod.c  xm.mod.o  xm.o[] 
 []

[7] [8]

LaTeX Warning: Citation `10' on page 9 undefined on input line 197.


Overfull \hbox (1.39865pt too wide) in paragraph at lines 210--210
[]\OT1/cmtt/m/n/10.95 >> Loading the domain "trivial.xmd (trivial.xmd)" ... Fai
led (Error: -19)[] 
 []

[9] [10]

LaTeX Warning: Citation `9' on page 11 undefined on input line 257.

[11] [12]
Underfull \hbox (badness 10000) in paragraph at lines 325--326

 []


Underfull \hbox (badness 1748) in paragraph at lines 329--330
\OT1/cmr/m/n/10.95 you will get the hello.prtk,load it by the com-mand which is
 lo-cate in xtra-
 []

[13] [14]) [15] (./interdomain.tex [16] [17]
Underfull \hbox (badness 10000) in paragraph at lines 39--42

 []

LaTeX Font Info:    Try loading font information for OMS+cmr on input line 67.
(/usr/local/texlive/2012/texmf-dist/tex/latex/base/omscmr.fd
File: omscmr.fd 1999/05/25 v2.5h Standard LaTeX font definitions
)
LaTeX Font Info:    Font shape `OMS/cmr/m/n' in size <10.95> not available
(Font)              Font shape `OMS/cmsy/m/n' tried instead on input line 67.
 [18]
LaTeX Font Info:    Try loading font information for OML+cmr on input line 69.

(/usr/local/texlive/2012/texmf-dist/tex/latex/base/omlcmr.fd
File: omlcmr.fd 1999/05/25 v2.5h Standard LaTeX font definitions
)
LaTeX Font Info:    Font shape `OML/cmr/m/n' in size <10.95> not available
(Font)              Font shape `OML/cmm/m/it' tried instead on input line 69.
 [19] [20]
[21]
Underfull \hbox (badness 10000) in paragraph at lines 150--156

 []

[22]
Underfull \hbox (badness 10000) in paragraph at lines 206--208

 []

) [23] (./xmdev.tex <graph/dev01.jpg, id=338, 346.1733pt x 206.6922pt>
File: graph/dev01.jpg Graphic file (type jpg)

<use graph/dev01.jpg>
Package pdftex.def Info: graph/dev01.jpg used on input line 8.
(pdftex.def)             Requested size: 334.60571pt x 199.79417pt.
 [24 <./graph/dev01.jpg>]
Underfull \hbox (badness 10000) in paragraph at lines 14--18

 []

<graph/dev02.jpg, id=343, 430.60875pt x 372.64218pt>
File: graph/dev02.jpg Graphic file (type jpg)
 <use graph/dev02.jpg>
Package pdftex.def Info: graph/dev02.jpg used on input line 19.
(pdftex.def)             Requested size: 334.60571pt x 289.56801pt.

[25]
Underfull \hbox (badness 10000) in paragraph at lines 23--25

 []

[26 <./graph/dev02.jpg>]
Overfull \hbox (29.86899pt too wide) in paragraph at lines 41--41
 []\OT1/cmtt/m/n/10.95 struct resource *request_region(unsigned long first, uns
igned long n,[] 
 []


Overfull \hbox (12.62292pt too wide) in paragraph at lines 78--78
 []    \OT1/cmtt/m/n/10.95 irq_handler_t handler;   /* point to the irq server 
routine */[] 
 []

[27]
Overfull \hbox (64.36111pt too wide) in paragraph at lines 78--78
 []    \OT1/cmtt/m/n/10.95 struct proc_dir_entry *dir; /* point to the director
y of /proc/irq/n */[] 
 []


Underfull \hbox (badness 10000) in paragraph at lines 81--83

 []


Underfull \hbox (badness 10000) in paragraph at lines 84--86

 []


Underfull \hbox (badness 10000) in paragraph at lines 87--89

 []


Underfull \hbox (badness 10000) in paragraph at lines 95--97

 []


Underfull \hbox (badness 10000) in paragraph at lines 102--103

 []

[28]
Underfull \hbox (badness 10000) in paragraph at lines 104--106

 []


Underfull \hbox (badness 10000) in paragraph at lines 107--109

 []


Underfull \hbox (badness 10000) in paragraph at lines 110--112

 []


Underfull \hbox (badness 10000) in paragraph at lines 113--115

 []


Overfull \hbox (12.62292pt too wide) in paragraph at lines 126--126
 []\OT1/cmtt/m/n/10.95 #define pdpt2va(pd, pt) ((pd << PGDIR_SHIFT) | (pt << PA
GE_SHIFT))[] 
 []

[29]
Underfull \hbox (badness 10000) in paragraph at lines 178--182

 []

[30]
Underfull \hbox (badness 10000) in paragraph at lines 193--194

 []


Underfull \hbox (badness 10000) in paragraph at lines 196--197

 []


Underfull \hbox (badness 10000) in paragraph at lines 197--198

 []


Underfull \hbox (badness 10000) in paragraph at lines 199--200

 []

[31] (/usr/local/texlive/2012/texmf-dist/tex/latex/listings/lstlang1.sty
File: lstlang1.sty 2004/09/05 1.3 listings language file
)
(/usr/local/texlive/2012/texmf-dist/tex/latex/listings/lstmisc.sty
File: lstmisc.sty 2007/02/22 1.4 (Carsten Heinz)
)
Underfull \hbox (badness 1577) in paragraph at lines 233--259
\OT1/cmr/m/n/10.95 Generally speak-ing, what de-vel-op-ers have to do is to giv
e pa-ram-e-ters to se-
 []

[32] [33] [34]
Overfull \hbox (30.14209pt too wide) in paragraph at lines 317--317
[]\OT1/cmtt/m/n/10.95 $./scripts/xmcmd.sh -l    //load modules such as xm., ser
ial, rtfifo and so on[] 
 []


Overfull \hbox (30.14209pt too wide) in paragraph at lines 317--317
[]\OT1/cmtt/m/n/10.95 $xmloader/loader.xm serial/serial.xmd   //load uart drive
r domain by loader.xm[] 
 []

) [35] (./xmtrace.tex
Underfull \hbox (badness 10000) in paragraph at lines 3--7

 []


Overfull \hbox (47.38815pt too wide) in paragraph at lines 100--100
[]\OT1/cmtt/m/n/10.95 sorry no trace ready at cpos 0 (data_ready) <00000000> (o
verwritten) 0 finalize 0[] 
 []


Overfull \hbox (47.38815pt too wide) in paragraph at lines 100--100
[]\OT1/cmtt/m/n/10.95 sorry no trace ready at cpos 0 (data_ready) <00000000> (o
verwritten) 0 finalize 0[] 
 []


Overfull \hbox (47.38815pt too wide) in paragraph at lines 100--100
[]\OT1/cmtt/m/n/10.95 sorry no trace ready at cpos 0 (data_ready) <00000000> (o
verwritten) 0 finalize 0[] 
 []

[36] [37]
Underfull \hbox (badness 10000) in paragraph at lines 122--127

 []


Underfull \hbox (badness 10000) in paragraph at lines 128--130

 []

[38]
Overfull \hbox (47.38815pt too wide) in paragraph at lines 206--206
[]\OT1/cmtt/m/n/10.95 sorry no trace ready at cpos 0 (data_ready) <00000000> (o
verwritten) 0 finalize 0[] 
 []


Overfull \hbox (47.38815pt too wide) in paragraph at lines 206--206
[]\OT1/cmtt/m/n/10.95 sorry no trace ready at cpos 0 (data_ready) <00000000> (o
verwritten) 0 finalize 0[] 
 []


Overfull \hbox (47.38815pt too wide) in paragraph at lines 206--206
[]\OT1/cmtt/m/n/10.95 sorry no trace ready at cpos 0 (data_ready) <00000000> (o
verwritten) 0 finalize 0[] 
 []

[39]
Overfull \hbox (41.63947pt too wide) in paragraph at lines 206--206
[]\OT1/cmtt/m/n/10.95 D 1   2920 xm-domain                   0x1267 <system_cal
l_handler_asm_0x82+0x26[] 
 []


Overfull \hbox (41.63947pt too wide) in paragraph at lines 206--206
[]\OT1/cmtt/m/n/10.95 D 1    425 xm-domain                        0 <system_cal
l_handler_asm_0x82+0x26[] 
 []


Overfull \hbox (64.63422pt too wide) in paragraph at lines 206--206
[]\OT1/cmtt/m/n/10.95 D 1 -181110149 xm-domain                      0x1 <system
_call_handler_asm_0x82+0x26[] 
 []


Overfull \hbox (64.63422pt too wide) in paragraph at lines 206--206
[]\OT1/cmtt/m/n/10.95 D 1 -181109454 xm-domain                      0x2 <system
_call_handler_asm_0x82+0x26[] 
 []

[40]
LaTeX Font Info:    Font shape `OMS/cmr/m/it' in size <10.95> not available
(Font)              Font shape `OMS/cmsy/m/n' tried instead on input line 220.
 [41]) [42] (./examples.tex [43]
Overfull \hbox (24.3934pt too wide) in paragraph at lines 39--39
[]\OT1/cmtt/m/n/10.95 void your_irq_handler_name(int irq_number, void *point_to
_handler_arguments);[] 
 []

[44]
Underfull \hbox (badness 10000) in paragraph at lines 88--91
[]\OT1/cmr/m/n/10.95 One value should be changed based on your en-vi-ro-ment in
 Make-file:
 []


Underfull \hbox (badness 1147) in paragraph at lines 88--91
\OT1/cmr/m/n/10.95 USER[]TOOL[]PATH. It should spec-ify the user[]tools di-rec-
tory of-fered by Xtra-
 []

[45] [46]) [47] (./hypercalls.tex)) [48]
\openout2 = `acronyms.aux'.

 (./acronyms.tex
Underfull \hbox (badness 10000) in paragraph at lines 22--29

 []

) [49


]
\openout2 = `bibliography.aux'.

 (./bibliography.tex
Underfull \hbox (badness 10000) in paragraph at lines 19--20
[]\OT1/cmr/m/it/10.95 RTLinux Ver-sion TWO De-sign doc-u-men-ta-tion about RTLi
nux
 []


Underfull \hbox (badness 7963) in paragraph at lines 19--20
\OT1/cmr/m/it/10.95 in FSM-Labs\OT1/cmr/m/n/10.95 , Vic-tor Yo-daiken and Micha
el Bara-banov, 1997,
 []

) [50


]
Package atveryend Info: Empty hook `BeforeClearDocument' on input line 61.
Package atveryend Info: Empty hook `AfterLastShipout' on input line 61.
 (./XMeRTL_Manual.aux (./content.aux) (./acronyms.aux)
(./bibliography.aux))
Package atveryend Info: Executing hook `AtVeryEndDocument' on input line 61.
Package atveryend Info: Executing hook `AtEndAfterFileList' on input line 61.
Package rerunfilecheck Info: File `XMeRTL_Manual.out' has not changed.
(rerunfilecheck)             Checksum: 2425113D1605D6318F54D7029643DF26;2242.


LaTeX Warning: There were undefined references.

Package atveryend Info: Empty hook `AtVeryVeryEnd' on input line 61.
 ) 
Here is how much of TeX's memory you used:
 8858 strings out of 493488
 131477 string characters out of 3141347
 264809 words of memory out of 3000000
 11749 multiletter control sequences out of 15000+200000
 10860 words of font info for 38 fonts, out of 3000000 for 9000
 957 hyphenation exceptions out of 8191
 43i,9n,56p,1169b,1801s stack positions out of 5000i,500n,10000p,200000b,50000s
</usr/local/texlive/2012/texmf-dist/fonts/type1/public/amsfonts/cm/cmbx10.pfb
></usr/local/texlive/2012/texmf-dist/fonts/type1/public/amsfonts/cm/cmmi10.pfb>
</usr/local/texlive/2012/texmf-dist/fonts/type1/public/amsfonts/cm/cmr10.pfb></
usr/local/texlive/2012/texmf-dist/fonts/type1/public/amsfonts/cm/cmr12.pfb></us
r/local/texlive/2012/texmf-dist/fonts/type1/public/amsfonts/cm/cmr6.pfb></usr/l
ocal/texlive/2012/texmf-dist/fonts/type1/public/amsfonts/cm/cmr8.pfb></usr/loca
l/texlive/2012/texmf-dist/fonts/type1/public/amsfonts/cm/cmr9.pfb></usr/local/t
exlive/2012/texmf-dist/fonts/type1/public/amsfonts/cm/cmsl10.pfb></usr/local/te
xlive/2012/texmf-dist/fonts/type1/public/amsfonts/cm/cmssbx10.pfb></usr/local/t
exlive/2012/texmf-dist/fonts/type1/public/amsfonts/cm/cmsy10.pfb></usr/local/te
xlive/2012/texmf-dist/fonts/type1/public/amsfonts/cm/cmti10.pfb></usr/local/tex
live/2012/texmf-dist/fonts/type1/public/amsfonts/cm/cmtt10.pfb>
Output written on XMeRTL_Manual.pdf (53 pages, 307637 bytes).
PDF statistics:
 720 PDF objects out of 1000 (max. 8388607)
 644 compressed objects within 7 object streams
 288 named destinations out of 1000 (max. 500000)
 283 words of extra memory for PDF output out of 10000 (max. 10000000)

